[00:00:00] [ftbbackups2_Worker-1/INFO]: Attempting to create an automatic backup
[00:00:00] [ftbbackups2_Worker-1/INFO]: Found world folder at /workspaces/astral/servidor_minecraft/./world/.
[00:00:00] [ftbbackups2_Worker-1/INFO]: Last backup size: 172.1MB Current world size: 286.8MB Current Available space: 14.6GB ExpectedSize 200.3MB
[00:00:00] [ftbbackups2_Worker-1/INFO]: Setting world minecraft:overworld save state to true
[00:00:00] [ftbbackups2_Worker-1/INFO]: Setting world ad_astra:mercury save state to true
[00:00:00] [ftbbackups2_Worker-1/INFO]: Setting world ad_astra:moon_debris_orbit save state to true
[00:00:00] [ftbbackups2_Worker-1/INFO]: Setting world ae2:spatial_storage save state to true
[00:00:00] [ftbbackups2_Worker-1/INFO]: Setting world ad_astra:mars save state to true
[00:00:00] [ftbbackups2_Worker-1/INFO]: Setting world createastral:moon_debris save state to true
[00:00:00] [ftbbackups2_Worker-1/INFO]: Setting world ad_astra:glacio_orbit save state to true
[00:00:00] [ftbbackups2_Worker-1/INFO]: Setting world minecraft:the_end save state to true
[00:00:00] [ftbbackups2_Worker-1/INFO]: Setting world minecraft:the_nether save state to true
[00:00:00] [ftbbackups2_Worker-1/INFO]: Setting world ad_astra:moon_orbit save state to true
[00:00:00] [ftbbackups2_Worker-1/INFO]: Setting world ad_astra:glacio save state to true
[00:00:00] [ftbbackups2_Worker-1/INFO]: Setting world ad_astra:earth_orbit save state to true
[00:00:00] [ftbbackups2_Worker-1/INFO]: Setting world ad_astra:venus save state to true
[00:00:00] [ftbbackups2_Worker-1/INFO]: Setting world ad_astra:moon save state to true
[00:00:00] [ftbbackups2_Worker-1/INFO]: Setting world ad_astra:mercury_orbit save state to true
[00:00:00] [ftbbackups2_Worker-1/INFO]: Setting world ad_astra:mars_orbit save state to true
[00:00:00] [ftbbackups2_Worker-1/INFO]: Setting world ad_astra:venus_orbit save state to true
[00:00:00] [ftbbackups2_Worker-1/INFO]: Writing to file /workspaces/astral/servidor_minecraft/backups/backups.json
[00:00:00] [FTB Backups backup thread 0/INFO]: Waiting for world save to complete.
[00:00:00] [FTB Backups backup thread 0/INFO]: Detected MC Version 1.18.2, Data version 2975
[00:00:00] [FTB Backups backup thread 0/INFO]: Save Name: world
[00:00:00] [FTB Backups backup thread 0/WARN]: Did not find a region folder for level: /workspaces/astral/servidor_minecraft/./world/./DIM1
[00:00:00] [FTB Backups backup thread 0/WARN]: Found possible mod dimension with no region folder ad_astra:earth_orbit
[00:00:00] [FTB Backups backup thread 0/WARN]: Found possible mod dimension with no region folder ad_astra:glacio_orbit
[00:00:00] [FTB Backups backup thread 0/WARN]: Found possible mod dimension with no region folder ad_astra:moon_debris_orbit
[00:00:00] [FTB Backups backup thread 0/WARN]: Found possible mod dimension with no region folder ad_astra:mars
[00:00:00] [FTB Backups backup thread 0/WARN]: Found possible mod dimension with no region folder ad_astra:mars_orbit
[00:00:01] [FTB Backups backup thread 0/WARN]: Found possible mod dimension with no region folder ad_astra:glacio
[00:00:01] [FTB Backups backup thread 0/WARN]: Found possible mod dimension with no region folder ad_astra:venus_orbit
[00:00:01] [FTB Backups backup thread 0/WARN]: Found possible mod dimension with no region folder ad_astra:mercury
[00:00:01] [FTB Backups backup thread 0/WARN]: Found possible mod dimension with no region folder ad_astra:moon_orbit
[00:00:01] [FTB Backups backup thread 0/WARN]: Found possible mod dimension with no region folder ad_astra:mercury_orbit
[00:00:01] [FTB Backups backup thread 0/WARN]: Found possible mod dimension with no region folder ad_astra:venus
[00:00:01] [FTB Backups backup thread 0/WARN]: Found possible mod dimension with no region folder createastral:moon_debris
[00:00:01] [FTB Backups backup thread 0/WARN]: Found possible mod dimension with no region folder ae2:spatial_storage
[00:00:01] [FTB Backups backup thread 0/WARN]: Did not find a region folder for level: /workspaces/astral/servidor_minecraft/./world/./DIM-1
[00:00:07] [FTB Backups backup thread 0/INFO]: Backup preview created, Scan took 4642ms, Capture took 1863ms
[00:00:23] [FTB Backups backup thread 0/INFO]: Setting world minecraft:overworld save state to false
[00:00:23] [FTB Backups backup thread 0/INFO]: Setting world ad_astra:mercury save state to false
[00:00:23] [FTB Backups backup thread 0/INFO]: Setting world ad_astra:moon_debris_orbit save state to false
[00:00:23] [FTB Backups backup thread 0/INFO]: Setting world ae2:spatial_storage save state to false
[00:00:23] [FTB Backups backup thread 0/INFO]: Setting world ad_astra:mars save state to false
[00:00:23] [FTB Backups backup thread 0/INFO]: Setting world createastral:moon_debris save state to false
[00:00:23] [FTB Backups backup thread 0/INFO]: Setting world ad_astra:glacio_orbit save state to false
[00:00:23] [FTB Backups backup thread 0/INFO]: Setting world minecraft:the_end save state to false
[00:00:23] [FTB Backups backup thread 0/INFO]: Setting world minecraft:the_nether save state to false
[00:00:23] [FTB Backups backup thread 0/INFO]: Setting world ad_astra:moon_orbit save state to false
[00:00:23] [FTB Backups backup thread 0/INFO]: Setting world ad_astra:glacio save state to false
[00:00:23] [FTB Backups backup thread 0/INFO]: Setting world ad_astra:earth_orbit save state to false
[00:00:23] [FTB Backups backup thread 0/INFO]: Setting world ad_astra:venus save state to false
[00:00:23] [FTB Backups backup thread 0/INFO]: Setting world ad_astra:moon save state to false
[00:00:23] [FTB Backups backup thread 0/INFO]: Setting world ad_astra:mercury_orbit save state to false
[00:00:23] [FTB Backups backup thread 0/INFO]: Setting world ad_astra:mars_orbit save state to false
[00:00:23] [FTB Backups backup thread 0/INFO]: Setting world ad_astra:venus_orbit save state to false
[00:00:23] [FTB Backups backup thread 0/INFO]: Backup size 191.6MB World Size 286.8MB
[00:00:23] [FTB Backups backup thread 0/INFO]: Writing to file /workspaces/astral/servidor_minecraft/backups/backups.json
[00:00:23] [FTB Backups backup thread 0/INFO]: New backup created at /workspaces/astral/servidor_minecraft/backups/2025-9-3_0-0-0.zip size: 191.6MB Took: 0m, 23s, 476ms Sha1: 1f1c3e18048d7f51c9c20fece4483f8f84bcf280
[00:00:48] [FTB Backups scheduled executor 0/INFO]: More backups than 1 found, Removing oldest backup
[00:00:48] [FTB Backups scheduled executor 0/INFO]: Removed old backup 2025-8-30_6-0-0.zip
[00:00:48] [FTB Backups scheduled executor 0/INFO]: File missing, removing from backups /workspaces/astral/servidor_minecraft/backups/2025-8-30_6-0-0.zip
[00:00:48] [FTB Backups scheduled executor 0/INFO]: Writing to file /workspaces/astral/servidor_minecraft/backups/backups.json
